2018-Jan-26 16:46:44.805778 INFO [daemon] acacoin v0.1.3.mushi1.0.3()
2018-Jan-26 16:46:44.806042 INFO [daemon] Module folder: ./build/release/src/academicd
2018-Jan-26 16:46:44.807178 INFO [daemon] Initializing p2p server...
2018-Jan-26 16:46:44.807425 INFO [node_server] Binding on 0.0.0.0:19082
2018-Jan-26 16:46:44.807576 INFO [node_server] Net service binded on 0.0.0.0:19082
2018-Jan-26 16:46:44.807654 INFO [node_server] Attempting to add IGD port mapping.
2018-Jan-26 16:46:48.834850 INFO [node_server] No IGD was found.
2018-Jan-26 16:46:48.835083 INFO [daemon] P2p server initialized OK
2018-Jan-26 16:46:48.835181 INFO [daemon] Initializing core...
2018-Jan-26 16:46:48.835544 INFO [Blockchain] Blockchain not loaded, generating genesis block.
2018-Jan-26 16:46:48.858908 INFO [Blockchain] Blockchain initialized. last block: 0, d7.h5.m1.s48 time ago, current difficulty: 1
2018-Jan-26 16:46:48.859002 INFO [daemon] Core initialized OK
2018-Jan-26 16:46:48.859143 INFO [daemon] Starting core rpc server on address 127.0.0.1:19076
2018-Jan-26 16:46:48.859282 INFO [daemon] Core rpc server started ok
2018-Jan-26 16:46:48.859354 INFO [daemon] Starting p2p net loop...
2018-Jan-26 16:46:48.859412 INFO [node_server] Starting node_server
2018-Jan-26 16:46:49.171214 ERROR [node_server] Failed to connect to any of seed peers, continuing without seeds
2018-Jan-26 16:46:49.171382 INFO [core] 
2018-Jan-26 16:46:49.171382 INFO [core] **********************************************************************
2018-Jan-26 16:46:49.171382 INFO [core] The daemon will start synchronizing with the network. It may take up to several hours.
2018-Jan-26 16:46:49.171382 INFO [core] 
2018-Jan-26 16:46:49.171382 INFO [core] You can set the level of process detailization* through "set_log <level>" command*, where <level> is between 0 (no details) and 4 (very verbose).
2018-Jan-26 16:46:49.171382 INFO [core] 
2018-Jan-26 16:46:49.171382 INFO [core] Use "help" command to see the list of available commands.
2018-Jan-26 16:46:49.171382 INFO [core] 
2018-Jan-26 16:46:49.171382 INFO [core] Note: in case you need to interrupt the process, use "exit" command. Otherwise, the current progress won't be saved.
2018-Jan-26 16:46:49.171382 INFO [core] **********************************************************************
2018-Jan-26 16:46:51.567561 ERROR [node_server] Failed to connect to any of seed peers, continuing without seeds
2018-Jan-26 16:46:53.883097 ERROR [node_server] Failed to connect to any of seed peers, continuing without seeds
2018-Jan-26 16:46:55.210818 INFO [node_server] Stop signal sent
2018-Jan-26 16:46:55.211070 INFO [node_server] Stopping NodeServer and it's0 connections...
2018-Jan-26 16:46:55.211619 INFO [node_server] NodeServer loop stopped
2018-Jan-26 16:46:55.211880 INFO [daemon] p2p net loop stopped
2018-Jan-26 16:46:55.212181 INFO [daemon] Stopping core rpc server...
2018-Jan-26 16:46:55.212443 INFO [daemon] Deinitializing core...
2018-Jan-26 16:46:55.212620 INFO [miner] Mining has been stopped, 0 finished
2018-Jan-26 16:46:55.212955 INFO [Blockchain] Saving blockchain...
2018-Jan-26 16:46:55.213318 INFO [BlockCacheSerializer] - saving block index...
2018-Jan-26 16:46:55.213440 INFO [BlockCacheSerializer] - saving transaction map...
2018-Jan-26 16:46:55.213605 INFO [BlockCacheSerializer] - saving spent keys...
2018-Jan-26 16:46:55.213822 INFO [BlockCacheSerializer] - saving outputs...
2018-Jan-26 16:46:55.214209 INFO [BlockCacheSerializer] - saving multi-signature outputs...
2018-Jan-26 16:46:55.214461 INFO [BlockCacheSerializer] - saving deposit index...
2018-Jan-26 16:46:55.214630 INFO [BlockCacheSerializer] Serialization time: 1ms
2018-Jan-26 16:46:55.214786 INFO [Blockchain] Saving blockchain indices...
2018-Jan-26 16:46:55.215119 INFO [BlockchainIndicesSerializer] - saving paymentID index...
2018-Jan-26 16:46:55.215228 INFO [BlockchainIndicesSerializer] - saving timestamp index...
2018-Jan-26 16:46:55.215409 INFO [BlockchainIndicesSerializer] - saving generated transactions index...
2018-Jan-26 16:46:55.215622 INFO [daemon] Deinitializing p2p...
2018-Jan-26 16:46:55.216048 INFO [miner] Mining has been stopped, 0 finished
2018-Jan-26 16:46:55.216368 INFO [daemon] Node stopped.
